<?xml version="1.0" encoding="UTF-8"?>
<!-- Generated by org.testng.reporters.JUnitXMLReporter -->
<testsuite hostname="Naumans-PC" ignored="0" name="Sanity Test" tests="2" failures="0" timestamp="2022-12-13T21:02:58 GMT" time="9.957" errors="0">
  <testcase name="userShouldLoginSuccessfullyWithValidCredentials" time="1.383" classname="com.orangehrmlive.opensourcedemo.testsuite.LoginPageTest"/>
  <testcase name="userShouldNavigateToForgotPasswordPageSuccessfully" time="0.704" classname="com.orangehrmlive.opensourcedemo.testsuite.ForgotPasswordTest"/>
</testsuite> <!-- Sanity Test -->
