<?xml version="1.0" encoding="UTF-8"?>
<!-- Generated by org.testng.reporters.JUnitXMLReporter -->
<testsuite hostname="Naumans-PC" ignored="0" name="Regression Test" tests="2" failures="0" timestamp="2022-12-13T20:50:19 GMT" time="10.526" errors="0">
  <testcase name="userShouldLoginSuccessfullyWithValidCredentials" time="2.008" classname="com.orangehrmlive.opensourcedemo.testsuite.LoginPageTest"/>
  <testcase name="userShouldNavigateToForgotPasswordPageSuccessfully" time="0.739" classname="com.orangehrmlive.opensourcedemo.testsuite.ForgotPasswordTest"/>
</testsuite> <!-- Regression Test -->
