<?xml version="1.0" encoding="UTF-8"?>
<!-- Generated by org.testng.reporters.JUnitXMLReporter -->
<testsuite hostname="Naumans-PC" ignored="0" name="Regression Test" tests="2" failures="0" timestamp="2022-12-11T18:26:52 GMT" time="8.141" errors="0">
  <testcase name="userShouldLoginSuccessfullyWithValidCredentials" time="1.335" classname="com.orangehrmlive.opensourcedemo.testsuite.LoginPageTest"/>
  <testcase name="userShouldNavigateToForgotPasswordPageSuccessfully" time="0.667" classname="com.orangehrmlive.opensourcedemo.testsuite.ForgotPasswordTest"/>
</testsuite> <!-- Regression Test -->
